2019-12-14 10:36:29 [127.0.0.1][1][p0tpg1ltn3fc7htm7r9ftll709vqapin][error][yii\web\HttpException:404] yii\base\InvalidRouteException: Unable to resolve the request "gii". in F:\openserver\domains\xakaton\vendor\yiisoft\yii2\base\Module.php:537
Stack trace:
#0 F:\openserver\domains\xakaton\vendor\yiisoft\yii2\web\Application.php(103): yii\base\Module->runAction('gii', Array)
#1 F:\openserver\domains\xakaton\vendor\yiisoft\yii2\base\Application.php(386): yii\web\Application->handleRequest(Object(yii\web\Request))
#2 F:\openserver\domains\xakaton\backend\web\index.php(17): yii\base\Application->run()
#3 {main}

Next yii\web\NotFoundHttpException: Page not found. in F:\openserver\domains\xakaton\vendor\yiisoft\yii2\web\Application.php:115
Stack trace:
#0 F:\openserver\domains\xakaton\vendor\yiisoft\yii2\base\Application.php(386): yii\web\Application->handleRequest(Object(yii\web\Request))
#1 F:\openserver\domains\xakaton\backend\web\index.php(17): yii\base\Application->run()
#2 {main}
2019-12-14 10:36:29 [127.0.0.1][1][p0tpg1ltn3fc7htm7r9ftll709vqapin][info][application] $_GET = []

$_POST = []

$_FILES = []

$_COOKIE = [
    'advanced-backend' => 'p0tpg1ltn3fc7htm7r9ftll709vqapin'
    '_identity-backend' => '9329850406a82309f55304c6aaa96ea843958b450e73c23ed06965924a0d297fa:2:{i:0;s:17:\"_identity-backend\";i:1;s:46:\"[1,\"dArVMsVrEo-9LPrwI4RtJc_I0eAnIIu9\",2592000]\";}'
    '_csrf-backend' => '711234fdfc81002d68097b4964c6898fc61e3c99163878ae990daf5e6adaaa72a:2:{i:0;s:13:\"_csrf-backend\";i:1;s:32:\"QETZKrViYYk4fqTpIUpBuEmJEjE7hv6Y\";}'
]

$_SESSION = [
    '__flash' => []
    '__returnUrl' => 'http://b.regicon/index.php?r=site%2Findex'
    '__id' => 1
]

$_SERVER = [
    'REDIRECT_STATUS' => '200'
    'HTTP_HOST' => 'b.regicon'
    'HTTP_CONNECTION' => 'keep-alive'
    'HTTP_UPGRADE_INSECURE_REQUESTS' => '1'
    'HTTP_USER_AGENT' => 'Mozilla/5.0 (Windows NT 10.0; Win64; x64) AppleWebKit/537.36 (KHTML, like Gecko) Chrome/78.0.3904.108 Safari/537.36'
    'HTTP_ACCEPT' => 'text/html,application/xhtml+xml,application/xml;q=0.9,image/webp,image/apng,*/*;q=0.8,application/signed-exchange;v=b3'
    'HTTP_ACCEPT_ENCODING' => 'gzip, deflate'
    'HTTP_ACCEPT_LANGUAGE' => 'ru-RU,ru;q=0.9,en-US;q=0.8,en;q=0.7'
    'HTTP_COOKIE' => 'advanced-backend=p0tpg1ltn3fc7htm7r9ftll709vqapin; _identity-backend=9329850406a82309f55304c6aaa96ea843958b450e73c23ed06965924a0d297fa%3A2%3A%7Bi%3A0%3Bs%3A17%3A%22_identity-backend%22%3Bi%3A1%3Bs%3A46%3A%22%5B1%2C%22dArVMsVrEo-9LPrwI4RtJc_I0eAnIIu9%22%2C2592000%5D%22%3B%7D; _csrf-backend=711234fdfc81002d68097b4964c6898fc61e3c99163878ae990daf5e6adaaa72a%3A2%3A%7Bi%3A0%3Bs%3A13%3A%22_csrf-backend%22%3Bi%3A1%3Bs%3A32%3A%22QETZKrViYYk4fqTpIUpBuEmJEjE7hv6Y%22%3B%7D'
    'PATH' => 'f:\\openserver\\modules\\php\\PHP-7.2-x64\\ext;f:\\openserver\\modules\\php\\PHP-7.2-x64\\pear;f:\\openserver\\modules\\php\\PHP-7.2-x64\\pear\\bin;f:\\openserver\\modules\\php\\PHP-7.2-x64;f:\\openserver\\modules\\imagemagick;f:\\openserver\\modules\\wget\\bin;f:\\openserver\\modules\\git;f:\\openserver\\modules\\git\\bin;f:\\openserver\\modules\\git\\mingw\\bin;f:\\openserver\\modules\\git\\cmd;f:\\openserver\\modules\\database\\MySQL-5.7\\bin;f:\\openserver\\modules\\http\\Apache-PHP-7.2-x64\\bin;f:\\openserver\\modules\\http\\Apache-PHP-7.2-x64;C:\\Windows\\system32;C:\\Windows;C:\\Windows\\system32\\Wbem;C:\\Windows\\SysWOW64'
    'SystemRoot' => 'C:\\Windows'
    'COMSPEC' => 'C:\\Windows\\system32\\cmd.exe'
    'PATHEXT' => '.COM;.EXE;.BAT;.CMD;.VBS;.VBE;.JS;.JSE;.WSF;.WSH;.MSC'
    'WINDIR' => 'C:\\Windows'
    'SERVER_SIGNATURE' => ''
    'SERVER_SOFTWARE' => 'Apache'
    'SERVER_NAME' => 'b.regicon'
    'SERVER_ADDR' => '127.0.0.1'
    'SERVER_PORT' => '80'
    'REMOTE_ADDR' => '127.0.0.1'
    'DOCUMENT_ROOT' => 'F:/openserver/domains/xakaton/backend/web'
    'REQUEST_SCHEME' => 'http'
    'CONTEXT_PREFIX' => ''
    'CONTEXT_DOCUMENT_ROOT' => 'F:/openserver/domains/xakaton/backend/web'
    'SERVER_ADMIN' => '[no address given]'
    'SCRIPT_FILENAME' => 'F:/openserver/domains/xakaton/backend/web/index.php'
    'REMOTE_PORT' => '39897'
    'REDIRECT_URL' => '/gii'
    'GATEWAY_INTERFACE' => 'CGI/1.1'
    'SERVER_PROTOCOL' => 'HTTP/1.1'
    'REQUEST_METHOD' => 'GET'
    'QUERY_STRING' => ''
    'REQUEST_URI' => '/gii'
    'SCRIPT_NAME' => '/index.php'
    'PHP_SELF' => '/index.php'
    'REQUEST_TIME_FLOAT' => 1576308989.609
    'REQUEST_TIME' => 1576308989
    'argv' => []
    'argc' => 0
]
2019-12-14 10:37:12 [127.0.0.1][1][p0tpg1ltn3fc7htm7r9ftll709vqapin][error][yii\web\HttpException:404] yii\base\InvalidRouteException: Unable to resolve the request "gii". in F:\openserver\domains\xakaton\vendor\yiisoft\yii2\base\Module.php:537
Stack trace:
#0 F:\openserver\domains\xakaton\vendor\yiisoft\yii2\web\Application.php(103): yii\base\Module->runAction('gii', Array)
#1 F:\openserver\domains\xakaton\vendor\yiisoft\yii2\base\Application.php(386): yii\web\Application->handleRequest(Object(yii\web\Request))
#2 F:\openserver\domains\xakaton\backend\web\index.php(17): yii\base\Application->run()
#3 {main}

Next yii\web\NotFoundHttpException: Page not found. in F:\openserver\domains\xakaton\vendor\yiisoft\yii2\web\Application.php:115
Stack trace:
#0 F:\openserver\domains\xakaton\vendor\yiisoft\yii2\base\Application.php(386): yii\web\Application->handleRequest(Object(yii\web\Request))
#1 F:\openserver\domains\xakaton\backend\web\index.php(17): yii\base\Application->run()
#2 {main}
2019-12-14 10:37:12 [127.0.0.1][1][p0tpg1ltn3fc7htm7r9ftll709vqapin][info][application] $_GET = []

$_POST = []

$_FILES = []

$_COOKIE = [
    'advanced-backend' => 'p0tpg1ltn3fc7htm7r9ftll709vqapin'
    '_identity-backend' => '9329850406a82309f55304c6aaa96ea843958b450e73c23ed06965924a0d297fa:2:{i:0;s:17:\"_identity-backend\";i:1;s:46:\"[1,\"dArVMsVrEo-9LPrwI4RtJc_I0eAnIIu9\",2592000]\";}'
    '_csrf-backend' => '711234fdfc81002d68097b4964c6898fc61e3c99163878ae990daf5e6adaaa72a:2:{i:0;s:13:\"_csrf-backend\";i:1;s:32:\"QETZKrViYYk4fqTpIUpBuEmJEjE7hv6Y\";}'
]

$_SESSION = [
    '__flash' => []
    '__returnUrl' => 'http://b.regicon/index.php?r=site%2Findex'
    '__id' => 1
]

$_SERVER = [
    'REDIRECT_STATUS' => '200'
    'HTTP_HOST' => 'b.regicon'
    'HTTP_CONNECTION' => 'keep-alive'
    'HTTP_CACHE_CONTROL' => 'max-age=0'
    'HTTP_UPGRADE_INSECURE_REQUESTS' => '1'
    'HTTP_USER_AGENT' => 'Mozilla/5.0 (Windows NT 10.0; Win64; x64) AppleWebKit/537.36 (KHTML, like Gecko) Chrome/78.0.3904.108 Safari/537.36'
    'HTTP_ACCEPT' => 'text/html,application/xhtml+xml,application/xml;q=0.9,image/webp,image/apng,*/*;q=0.8,application/signed-exchange;v=b3'
    'HTTP_ACCEPT_ENCODING' => 'gzip, deflate'
    'HTTP_ACCEPT_LANGUAGE' => 'ru-RU,ru;q=0.9,en-US;q=0.8,en;q=0.7'
    'HTTP_COOKIE' => 'advanced-backend=p0tpg1ltn3fc7htm7r9ftll709vqapin; _identity-backend=9329850406a82309f55304c6aaa96ea843958b450e73c23ed06965924a0d297fa%3A2%3A%7Bi%3A0%3Bs%3A17%3A%22_identity-backend%22%3Bi%3A1%3Bs%3A46%3A%22%5B1%2C%22dArVMsVrEo-9LPrwI4RtJc_I0eAnIIu9%22%2C2592000%5D%22%3B%7D; _csrf-backend=711234fdfc81002d68097b4964c6898fc61e3c99163878ae990daf5e6adaaa72a%3A2%3A%7Bi%3A0%3Bs%3A13%3A%22_csrf-backend%22%3Bi%3A1%3Bs%3A32%3A%22QETZKrViYYk4fqTpIUpBuEmJEjE7hv6Y%22%3B%7D'
    'PATH' => 'f:\\openserver\\modules\\php\\PHP-7.2-x64\\ext;f:\\openserver\\modules\\php\\PHP-7.2-x64\\pear;f:\\openserver\\modules\\php\\PHP-7.2-x64\\pear\\bin;f:\\openserver\\modules\\php\\PHP-7.2-x64;f:\\openserver\\modules\\imagemagick;f:\\openserver\\modules\\wget\\bin;f:\\openserver\\modules\\git;f:\\openserver\\modules\\git\\bin;f:\\openserver\\modules\\git\\mingw\\bin;f:\\openserver\\modules\\git\\cmd;f:\\openserver\\modules\\database\\MySQL-5.7\\bin;f:\\openserver\\modules\\http\\Apache-PHP-7.2-x64\\bin;f:\\openserver\\modules\\http\\Apache-PHP-7.2-x64;C:\\Windows\\system32;C:\\Windows;C:\\Windows\\system32\\Wbem;C:\\Windows\\SysWOW64'
    'SystemRoot' => 'C:\\Windows'
    'COMSPEC' => 'C:\\Windows\\system32\\cmd.exe'
    'PATHEXT' => '.COM;.EXE;.BAT;.CMD;.VBS;.VBE;.JS;.JSE;.WSF;.WSH;.MSC'
    'WINDIR' => 'C:\\Windows'
    'SERVER_SIGNATURE' => ''
    'SERVER_SOFTWARE' => 'Apache'
    'SERVER_NAME' => 'b.regicon'
    'SERVER_ADDR' => '127.0.0.1'
    'SERVER_PORT' => '80'
    'REMOTE_ADDR' => '127.0.0.1'
    'DOCUMENT_ROOT' => 'F:/openserver/domains/xakaton/backend/web'
    'REQUEST_SCHEME' => 'http'
    'CONTEXT_PREFIX' => ''
    'CONTEXT_DOCUMENT_ROOT' => 'F:/openserver/domains/xakaton/backend/web'
    'SERVER_ADMIN' => '[no address given]'
    'SCRIPT_FILENAME' => 'F:/openserver/domains/xakaton/backend/web/index.php'
    'REMOTE_PORT' => '39905'
    'REDIRECT_URL' => '/gii'
    'GATEWAY_INTERFACE' => 'CGI/1.1'
    'SERVER_PROTOCOL' => 'HTTP/1.1'
    'REQUEST_METHOD' => 'GET'
    'QUERY_STRING' => ''
    'REQUEST_URI' => '/gii'
    'SCRIPT_NAME' => '/index.php'
    'PHP_SELF' => '/index.php'
    'REQUEST_TIME_FLOAT' => 1576309032.633
    'REQUEST_TIME' => 1576309032
    'argv' => []
    'argc' => 0
]
2019-12-14 10:38:35 [127.0.0.1][1][p0tpg1ltn3fc7htm7r9ftll709vqapin][error][yii\web\HttpException:404] yii\base\InvalidRouteException: Unable to resolve the request "gii". in F:\openserver\domains\xakaton\vendor\yiisoft\yii2\base\Module.php:537
Stack trace:
#0 F:\openserver\domains\xakaton\vendor\yiisoft\yii2\web\Application.php(103): yii\base\Module->runAction('gii', Array)
#1 F:\openserver\domains\xakaton\vendor\yiisoft\yii2\base\Application.php(386): yii\web\Application->handleRequest(Object(yii\web\Request))
#2 F:\openserver\domains\xakaton\backend\web\index.php(17): yii\base\Application->run()
#3 {main}

Next yii\web\NotFoundHttpException: Page not found. in F:\openserver\domains\xakaton\vendor\yiisoft\yii2\web\Application.php:115
Stack trace:
#0 F:\openserver\domains\xakaton\vendor\yiisoft\yii2\base\Application.php(386): yii\web\Application->handleRequest(Object(yii\web\Request))
#1 F:\openserver\domains\xakaton\backend\web\index.php(17): yii\base\Application->run()
#2 {main}
2019-12-14 10:38:35 [127.0.0.1][1][p0tpg1ltn3fc7htm7r9ftll709vqapin][info][application] $_GET = []

$_POST = []

$_FILES = []

$_COOKIE = [
    'advanced-backend' => 'p0tpg1ltn3fc7htm7r9ftll709vqapin'
    '_identity-backend' => '9329850406a82309f55304c6aaa96ea843958b450e73c23ed06965924a0d297fa:2:{i:0;s:17:\"_identity-backend\";i:1;s:46:\"[1,\"dArVMsVrEo-9LPrwI4RtJc_I0eAnIIu9\",2592000]\";}'
    '_csrf-backend' => '711234fdfc81002d68097b4964c6898fc61e3c99163878ae990daf5e6adaaa72a:2:{i:0;s:13:\"_csrf-backend\";i:1;s:32:\"QETZKrViYYk4fqTpIUpBuEmJEjE7hv6Y\";}'
]

$_SESSION = [
    '__flash' => []
    '__returnUrl' => 'http://b.regicon/index.php?r=site%2Findex'
    '__id' => 1
]

$_SERVER = [
    'REDIRECT_STATUS' => '200'
    'HTTP_HOST' => 'b.regicon'
    'HTTP_CONNECTION' => 'keep-alive'
    'HTTP_CACHE_CONTROL' => 'max-age=0'
    'HTTP_UPGRADE_INSECURE_REQUESTS' => '1'
    'HTTP_USER_AGENT' => 'Mozilla/5.0 (Windows NT 10.0; Win64; x64) AppleWebKit/537.36 (KHTML, like Gecko) Chrome/78.0.3904.108 Safari/537.36'
    'HTTP_ACCEPT' => 'text/html,application/xhtml+xml,application/xml;q=0.9,image/webp,image/apng,*/*;q=0.8,application/signed-exchange;v=b3'
    'HTTP_ACCEPT_ENCODING' => 'gzip, deflate'
    'HTTP_ACCEPT_LANGUAGE' => 'ru-RU,ru;q=0.9,en-US;q=0.8,en;q=0.7'
    'HTTP_COOKIE' => 'advanced-backend=p0tpg1ltn3fc7htm7r9ftll709vqapin; _identity-backend=9329850406a82309f55304c6aaa96ea843958b450e73c23ed06965924a0d297fa%3A2%3A%7Bi%3A0%3Bs%3A17%3A%22_identity-backend%22%3Bi%3A1%3Bs%3A46%3A%22%5B1%2C%22dArVMsVrEo-9LPrwI4RtJc_I0eAnIIu9%22%2C2592000%5D%22%3B%7D; _csrf-backend=711234fdfc81002d68097b4964c6898fc61e3c99163878ae990daf5e6adaaa72a%3A2%3A%7Bi%3A0%3Bs%3A13%3A%22_csrf-backend%22%3Bi%3A1%3Bs%3A32%3A%22QETZKrViYYk4fqTpIUpBuEmJEjE7hv6Y%22%3B%7D'
    'PATH' => 'f:\\openserver\\modules\\php\\PHP-7.2-x64\\ext;f:\\openserver\\modules\\php\\PHP-7.2-x64\\pear;f:\\openserver\\modules\\php\\PHP-7.2-x64\\pear\\bin;f:\\openserver\\modules\\php\\PHP-7.2-x64;f:\\openserver\\modules\\imagemagick;f:\\openserver\\modules\\wget\\bin;f:\\openserver\\modules\\git;f:\\openserver\\modules\\git\\bin;f:\\openserver\\modules\\git\\mingw\\bin;f:\\openserver\\modules\\git\\cmd;f:\\openserver\\modules\\database\\MySQL-5.7\\bin;f:\\openserver\\modules\\http\\Apache-PHP-7.2-x64\\bin;f:\\openserver\\modules\\http\\Apache-PHP-7.2-x64;C:\\Windows\\system32;C:\\Windows;C:\\Windows\\system32\\Wbem;C:\\Windows\\SysWOW64'
    'SystemRoot' => 'C:\\Windows'
    'COMSPEC' => 'C:\\Windows\\system32\\cmd.exe'
    'PATHEXT' => '.COM;.EXE;.BAT;.CMD;.VBS;.VBE;.JS;.JSE;.WSF;.WSH;.MSC'
    'WINDIR' => 'C:\\Windows'
    'SERVER_SIGNATURE' => ''
    'SERVER_SOFTWARE' => 'Apache'
    'SERVER_NAME' => 'b.regicon'
    'SERVER_ADDR' => '127.0.0.1'
    'SERVER_PORT' => '80'
    'REMOTE_ADDR' => '127.0.0.1'
    'DOCUMENT_ROOT' => 'F:/openserver/domains/xakaton/backend/web'
    'REQUEST_SCHEME' => 'http'
    'CONTEXT_PREFIX' => ''
    'CONTEXT_DOCUMENT_ROOT' => 'F:/openserver/domains/xakaton/backend/web'
    'SERVER_ADMIN' => '[no address given]'
    'SCRIPT_FILENAME' => 'F:/openserver/domains/xakaton/backend/web/index.php'
    'REMOTE_PORT' => '23398'
    'REDIRECT_URL' => '/gii'
    'GATEWAY_INTERFACE' => 'CGI/1.1'
    'SERVER_PROTOCOL' => 'HTTP/1.1'
    'REQUEST_METHOD' => 'GET'
    'QUERY_STRING' => ''
    'REQUEST_URI' => '/gii'
    'SCRIPT_NAME' => '/index.php'
    'PHP_SELF' => '/index.php'
    'REQUEST_TIME_FLOAT' => 1576309115.157
    'REQUEST_TIME' => 1576309115
    'argv' => []
    'argc' => 0
]
2019-12-14 10:38:38 [127.0.0.1][1][p0tpg1ltn3fc7htm7r9ftll709vqapin][error][yii\web\HttpException:404] yii\base\InvalidRouteException: Unable to resolve the request "gii". in F:\openserver\domains\xakaton\vendor\yiisoft\yii2\base\Module.php:537
Stack trace:
#0 F:\openserver\domains\xakaton\vendor\yiisoft\yii2\web\Application.php(103): yii\base\Module->runAction('gii', Array)
#1 F:\openserver\domains\xakaton\vendor\yiisoft\yii2\base\Application.php(386): yii\web\Application->handleRequest(Object(yii\web\Request))
#2 F:\openserver\domains\xakaton\backend\web\index.php(17): yii\base\Application->run()
#3 {main}

Next yii\web\NotFoundHttpException: Page not found. in F:\openserver\domains\xakaton\vendor\yiisoft\yii2\web\Application.php:115
Stack trace:
#0 F:\openserver\domains\xakaton\vendor\yiisoft\yii2\base\Application.php(386): yii\web\Application->handleRequest(Object(yii\web\Request))
#1 F:\openserver\domains\xakaton\backend\web\index.php(17): yii\base\Application->run()
#2 {main}
2019-12-14 10:38:37 [127.0.0.1][1][p0tpg1ltn3fc7htm7r9ftll709vqapin][info][application] $_GET = []

$_POST = []

$_FILES = []

$_COOKIE = [
    'advanced-backend' => 'p0tpg1ltn3fc7htm7r9ftll709vqapin'
    '_identity-backend' => '9329850406a82309f55304c6aaa96ea843958b450e73c23ed06965924a0d297fa:2:{i:0;s:17:\"_identity-backend\";i:1;s:46:\"[1,\"dArVMsVrEo-9LPrwI4RtJc_I0eAnIIu9\",2592000]\";}'
    '_csrf-backend' => '711234fdfc81002d68097b4964c6898fc61e3c99163878ae990daf5e6adaaa72a:2:{i:0;s:13:\"_csrf-backend\";i:1;s:32:\"QETZKrViYYk4fqTpIUpBuEmJEjE7hv6Y\";}'
]

$_SESSION = [
    '__flash' => []
    '__returnUrl' => 'http://b.regicon/index.php?r=site%2Findex'
    '__id' => 1
]

$_SERVER = [
    'REDIRECT_STATUS' => '200'
    'HTTP_HOST' => 'b.regicon'
    'HTTP_CONNECTION' => 'keep-alive'
    'HTTP_CACHE_CONTROL' => 'max-age=0'
    'HTTP_UPGRADE_INSECURE_REQUESTS' => '1'
    'HTTP_USER_AGENT' => 'Mozilla/5.0 (Windows NT 10.0; Win64; x64) AppleWebKit/537.36 (KHTML, like Gecko) Chrome/78.0.3904.108 Safari/537.36'
    'HTTP_ACCEPT' => 'text/html,application/xhtml+xml,application/xml;q=0.9,image/webp,image/apng,*/*;q=0.8,application/signed-exchange;v=b3'
    'HTTP_ACCEPT_ENCODING' => 'gzip, deflate'
    'HTTP_ACCEPT_LANGUAGE' => 'ru-RU,ru;q=0.9,en-US;q=0.8,en;q=0.7'
    'HTTP_COOKIE' => 'advanced-backend=p0tpg1ltn3fc7htm7r9ftll709vqapin; _identity-backend=9329850406a82309f55304c6aaa96ea843958b450e73c23ed06965924a0d297fa%3A2%3A%7Bi%3A0%3Bs%3A17%3A%22_identity-backend%22%3Bi%3A1%3Bs%3A46%3A%22%5B1%2C%22dArVMsVrEo-9LPrwI4RtJc_I0eAnIIu9%22%2C2592000%5D%22%3B%7D; _csrf-backend=711234fdfc81002d68097b4964c6898fc61e3c99163878ae990daf5e6adaaa72a%3A2%3A%7Bi%3A0%3Bs%3A13%3A%22_csrf-backend%22%3Bi%3A1%3Bs%3A32%3A%22QETZKrViYYk4fqTpIUpBuEmJEjE7hv6Y%22%3B%7D'
    'PATH' => 'f:\\openserver\\modules\\php\\PHP-7.2-x64\\ext;f:\\openserver\\modules\\php\\PHP-7.2-x64\\pear;f:\\openserver\\modules\\php\\PHP-7.2-x64\\pear\\bin;f:\\openserver\\modules\\php\\PHP-7.2-x64;f:\\openserver\\modules\\imagemagick;f:\\openserver\\modules\\wget\\bin;f:\\openserver\\modules\\git;f:\\openserver\\modules\\git\\bin;f:\\openserver\\modules\\git\\mingw\\bin;f:\\openserver\\modules\\git\\cmd;f:\\openserver\\modules\\database\\MySQL-5.7\\bin;f:\\openserver\\modules\\http\\Apache-PHP-7.2-x64\\bin;f:\\openserver\\modules\\http\\Apache-PHP-7.2-x64;C:\\Windows\\system32;C:\\Windows;C:\\Windows\\system32\\Wbem;C:\\Windows\\SysWOW64'
    'SystemRoot' => 'C:\\Windows'
    'COMSPEC' => 'C:\\Windows\\system32\\cmd.exe'
    'PATHEXT' => '.COM;.EXE;.BAT;.CMD;.VBS;.VBE;.JS;.JSE;.WSF;.WSH;.MSC'
    'WINDIR' => 'C:\\Windows'
    'SERVER_SIGNATURE' => ''
    'SERVER_SOFTWARE' => 'Apache'
    'SERVER_NAME' => 'b.regicon'
    'SERVER_ADDR' => '127.0.0.1'
    'SERVER_PORT' => '80'
    'REMOTE_ADDR' => '127.0.0.1'
    'DOCUMENT_ROOT' => 'F:/openserver/domains/xakaton/backend/web'
    'REQUEST_SCHEME' => 'http'
    'CONTEXT_PREFIX' => ''
    'CONTEXT_DOCUMENT_ROOT' => 'F:/openserver/domains/xakaton/backend/web'
    'SERVER_ADMIN' => '[no address given]'
    'SCRIPT_FILENAME' => 'F:/openserver/domains/xakaton/backend/web/index.php'
    'REMOTE_PORT' => '23398'
    'REDIRECT_URL' => '/gii'
    'GATEWAY_INTERFACE' => 'CGI/1.1'
    'SERVER_PROTOCOL' => 'HTTP/1.1'
    'REQUEST_METHOD' => 'GET'
    'QUERY_STRING' => ''
    'REQUEST_URI' => '/gii'
    'SCRIPT_NAME' => '/index.php'
    'PHP_SELF' => '/index.php'
    'REQUEST_TIME_FLOAT' => 1576309117.981
    'REQUEST_TIME' => 1576309117
    'argv' => []
    'argc' => 0
]
2019-12-14 22:47:51 [127.0.0.1][1][36ltrhhruuos80bdc38i439bljbhjd22][error][yii\base\ViewNotFoundException] yii\base\ViewNotFoundException: The view file does not exist: F:\openserver\domains\xakaton\backend\views\task-category\index.php in F:\openserver\domains\xakaton\vendor\yiisoft\yii2\base\View.php:233
Stack trace:
#0 F:\openserver\domains\xakaton\vendor\yiisoft\yii2\base\View.php(156): yii\base\View->renderFile('F:\\openserver\\d...', Array, Object(backend\controllers\TaskCategoryController))
#1 F:\openserver\domains\xakaton\vendor\yiisoft\yii2\base\Controller.php(386): yii\base\View->render('index', Array, Object(backend\controllers\TaskCategoryController))
#2 F:\openserver\domains\xakaton\backend\controllers\TaskCategoryController.php(43): yii\base\Controller->render('index', Array)
#3 [internal function]: backend\controllers\TaskCategoryController->actionIndex()
#4 F:\openserver\domains\xakaton\vendor\yiisoft\yii2\base\InlineAction.php(57): call_user_func_array(Array, Array)
#5 F:\openserver\domains\xakaton\vendor\yiisoft\yii2\base\Controller.php(157): yii\base\InlineAction->runWithParams(Array)
#6 F:\openserver\domains\xakaton\vendor\yiisoft\yii2\base\Module.php(528): yii\base\Controller->runAction('', Array)
#7 F:\openserver\domains\xakaton\vendor\yiisoft\yii2\web\Application.php(103): yii\base\Module->runAction('task-category', Array)
#8 F:\openserver\domains\xakaton\vendor\yiisoft\yii2\base\Application.php(386): yii\web\Application->handleRequest(Object(yii\web\Request))
#9 F:\openserver\domains\xakaton\backend\web\index.php(24): yii\base\Application->run()
#10 {main}
2019-12-14 22:47:51 [127.0.0.1][1][36ltrhhruuos80bdc38i439bljbhjd22][info][application] $_GET = []

$_POST = []

$_FILES = []

$_COOKIE = [
    '_identity-backend' => '9329850406a82309f55304c6aaa96ea843958b450e73c23ed06965924a0d297fa:2:{i:0;s:17:\"_identity-backend\";i:1;s:46:\"[1,\"dArVMsVrEo-9LPrwI4RtJc_I0eAnIIu9\",2592000]\";}'
    '_csrf-backend' => '514f4cb48a7eb74ff60a831f73d07e75b5e44d941324d9047e2ce59bacfa6f43a:2:{i:0;s:13:\"_csrf-backend\";i:1;s:32:\"VVy3veIsRXyzoD47IzlhEQYggA3SejQp\";}'
    'advanced-backend' => '36ltrhhruuos80bdc38i439bljbhjd22'
]

$_SESSION = [
    '__flash' => []
    '__id' => 1
]

$_SERVER = [
    'REDIRECT_STATUS' => '200'
    'HTTP_HOST' => 'b.regicon'
    'HTTP_CONNECTION' => 'keep-alive'
    'HTTP_UPGRADE_INSECURE_REQUESTS' => '1'
    'HTTP_USER_AGENT' => 'Mozilla/5.0 (Windows NT 10.0; Win64; x64) AppleWebKit/537.36 (KHTML, like Gecko) Chrome/78.0.3904.108 Safari/537.36'
    'HTTP_ACCEPT' => 'text/html,application/xhtml+xml,application/xml;q=0.9,image/webp,image/apng,*/*;q=0.8,application/signed-exchange;v=b3'
    'HTTP_ACCEPT_ENCODING' => 'gzip, deflate'
    'HTTP_ACCEPT_LANGUAGE' => 'ru-RU,ru;q=0.9,en-US;q=0.8,en;q=0.7'
    'HTTP_COOKIE' => '_identity-backend=9329850406a82309f55304c6aaa96ea843958b450e73c23ed06965924a0d297fa%3A2%3A%7Bi%3A0%3Bs%3A17%3A%22_identity-backend%22%3Bi%3A1%3Bs%3A46%3A%22%5B1%2C%22dArVMsVrEo-9LPrwI4RtJc_I0eAnIIu9%22%2C2592000%5D%22%3B%7D; _csrf-backend=514f4cb48a7eb74ff60a831f73d07e75b5e44d941324d9047e2ce59bacfa6f43a%3A2%3A%7Bi%3A0%3Bs%3A13%3A%22_csrf-backend%22%3Bi%3A1%3Bs%3A32%3A%22VVy3veIsRXyzoD47IzlhEQYggA3SejQp%22%3B%7D; advanced-backend=36ltrhhruuos80bdc38i439bljbhjd22'
    'PATH' => 'f:\\openserver\\modules\\php\\PHP-7.2-x64\\ext;f:\\openserver\\modules\\php\\PHP-7.2-x64\\pear;f:\\openserver\\modules\\php\\PHP-7.2-x64\\pear\\bin;f:\\openserver\\modules\\php\\PHP-7.2-x64;f:\\openserver\\modules\\imagemagick;f:\\openserver\\modules\\wget\\bin;f:\\openserver\\modules\\git;f:\\openserver\\modules\\git\\bin;f:\\openserver\\modules\\git\\mingw\\bin;f:\\openserver\\modules\\git\\cmd;f:\\openserver\\modules\\database\\MySQL-5.7\\bin;f:\\openserver\\modules\\http\\Apache-PHP-7.2-x64\\bin;f:\\openserver\\modules\\http\\Apache-PHP-7.2-x64;C:\\Windows\\system32;C:\\Windows;C:\\Windows\\system32\\Wbem;C:\\Windows\\SysWOW64'
    'SystemRoot' => 'C:\\Windows'
    'COMSPEC' => 'C:\\Windows\\system32\\cmd.exe'
    'PATHEXT' => '.COM;.EXE;.BAT;.CMD;.VBS;.VBE;.JS;.JSE;.WSF;.WSH;.MSC'
    'WINDIR' => 'C:\\Windows'
    'SERVER_SIGNATURE' => ''
    'SERVER_SOFTWARE' => 'Apache'
    'SERVER_NAME' => 'b.regicon'
    'SERVER_ADDR' => '127.0.0.1'
    'SERVER_PORT' => '80'
    'REMOTE_ADDR' => '127.0.0.1'
    'DOCUMENT_ROOT' => 'F:/openserver/domains/xakaton/backend/web'
    'REQUEST_SCHEME' => 'http'
    'CONTEXT_PREFIX' => ''
    'CONTEXT_DOCUMENT_ROOT' => 'F:/openserver/domains/xakaton/backend/web'
    'SERVER_ADMIN' => '[no address given]'
    'SCRIPT_FILENAME' => 'F:/openserver/domains/xakaton/backend/web/index.php'
    'REMOTE_PORT' => '33615'
    'REDIRECT_URL' => '/task-category'
    'GATEWAY_INTERFACE' => 'CGI/1.1'
    'SERVER_PROTOCOL' => 'HTTP/1.1'
    'REQUEST_METHOD' => 'GET'
    'QUERY_STRING' => ''
    'REQUEST_URI' => '/task-category'
    'SCRIPT_NAME' => '/index.php'
    'PHP_SELF' => '/index.php'
    'REQUEST_TIME_FLOAT' => 1576352871.06
    'REQUEST_TIME' => 1576352871
    'argv' => []
    'argc' => 0
]
